<?xml version="1.0" encoding="UTF-8"?>
<!-- Generated by org.testng.reporters.JUnitReportReporter -->
<testsuite skipped="0" hostname="MAHESHBA01" name="test.java.testPage.WebPageTest" tests="1" failures="0" timestamp="09 May 2018 10:20:00 GMT" time="0.682" errors="0">
  <testcase name="test" time="0.682" classname="test.java.testPage.WebPageTest"/>
</testsuite> <!-- test.java.testPage.WebPageTest -->
